<?xml version="1.0" encoding="UTF-8"?>
<!-- Generated by org.testng.reporters.JUnitReportReporter -->
<testsuite skipped="0" hostname="SURPRISE-DE414" name="CIB_DIGITAL_TECH.UserListTableWebTest" tests="2" failures="0" timestamp="25 Nov 2018 14:03:38 GMT" time="7.102" errors="0">
  <testcase name="testUserListTable" time="2.292" classname="CIB_DIGITAL_TECH.UserListTableWebTest"/>
  <testcase name="testUserListTable" time="4.810" classname="CIB_DIGITAL_TECH.UserListTableWebTest"/>
</testsuite> <!-- CIB_DIGITAL_TECH.UserListTableWebTest -->
