<?xml version="1.0" encoding="UTF-8"?>
<!-- Generated by org.testng.reporters.JUnitReportReporter -->
<testsuite skipped="0" hostname="SURPRISE-DE414" name="CIB_DIGITAL_TECH.NavigateToWebTableTest" tests="1" failures="0" timestamp="22 Nov 2018 17:07:08 GMT" time="15.748" errors="0">
  <testcase name="AccessUserListTable" time="15.748" classname="CIB_DIGITAL_TECH.NavigateToWebTableTest"/>
</testsuite> <!-- CIB_DIGITAL_TECH.NavigateToWebTableTest -->
