<?xml version="1.0" encoding="UTF-8"?>
<!-- Generated by org.testng.reporters.JUnitReportReporter -->
<testsuite hostname="SURPRISE-DE414" name="CIB_DIGITAL_TECH.UserListTableWebTest" tests="2" failures="0" timestamp="23 Nov 2018 00:45:10 GMT" time="7.869" errors="0">
  <testcase name="testUserListTable" time="4.881" classname="CIB_DIGITAL_TECH.UserListTableWebTest"/>
  <testcase name="testUserListTable" time="2.988" classname="CIB_DIGITAL_TECH.UserListTableWebTest"/>
</testsuite> <!-- CIB_DIGITAL_TECH.UserListTableWebTest -->
