<?xml version="1.0" encoding="UTF-8"?>
<!-- Generated by org.testng.reporters.JUnitReportReporter -->
<testsuite hostname="SURPRISE-DE414" name="CIB_DIGITAL_TECH.ValidateUserListTableTest" tests="1" failures="0" timestamp="23 Nov 2018 00:45:10 GMT" time="0.179" errors="0">
  <testcase name="validateByUserNameColumn" time="0.179" classname="CIB_DIGITAL_TECH.ValidateUserListTableTest"/>
</testsuite> <!-- CIB_DIGITAL_TECH.ValidateUserListTableTest -->
